<?xml version="1.0" encoding="UTF-8"?>
<testsuite xmlns:xsi="http://www.w3.org/2001/XMLSchema-instance" xsi:noNamespaceSchemaLocation="https://maven.apache.org/surefire/maven-surefire-plugin/xsd/surefire-test-report.xsd" name="webadv.stu16201236.p02.AppTest" time="0.053" tests="2" errors="0" skipped="0" failures="0">
  <properties>
[...]
</properties>
  <testcase name="testHex" classname="webadv.stu16201236.p02.AppTest" time="0.015"/>
  <testcase name="testLength" classname="webadv.stu16201236.p02.AppTest" time="0"/>
</testsuite>